<?xml version="1.0" encoding="UTF-8"?>
<!-- Generated by org.testng.reporters.JUnitXMLReporter -->
<testsuite ignored="0" hostname="Bikash" failures="0" tests="8" name="Default test" time="14.94" errors="0" timestamp="02 Mar 2020 17:13:10 GMT">
  <testcase classname="Testcase_ToolsQA.testCase_001" name="launchUrl" time="2.052"/>
  <testcase classname="Testcase_ToolsQA.testCase_001" name="partialLinkTestIspresentValidation" time="0.848"/>
  <testcase classname="Testcase_ToolsQA.testCase_001" name="LinkTestIspresentValidation" time="0.184"/>
  <testcase classname="Testcase_ToolsQA.testCase_001" name="userNameValidation" time="0.549"/>
  <testcase classname="Testcase_ToolsQA.testCase_001" name="continentDropDownValidation" time="0.442"/>
  <testcase classname="Testcase_ToolsQA.testCase_001" name="sexButtonValidation" time="0.161"/>
  <testcase classname="Testcase_ToolsQA.testCase_001" name="setCurrentDate" time="0.105"/>
  <testcase classname="Testcase_ToolsQA.testCase_001" name="multipleContinentValidation" time="0.169"/>
</testsuite> <!-- Default test -->
